==3308== Memcheck, a memory error detector
==3308== Copyright (C) 2002-2017, and GNU GPL'd, by Julian Seward et al.
==3308== Using Valgrind-3.13.0 and LibVEX; rerun with -h for copyright info
==3308== Command: ./beak_2293.out
==3308== Parent PID: 107
==3308== 
==3308== error calling PR_SET_PTRACER, vgdb might block
==3308== 
==3308== HEAP SUMMARY:
==3308==     in use at exit: 122,896 bytes in 7 blocks
==3308==   total heap usage: 10 allocs, 3 frees, 204,344 bytes allocated
==3308== 
==3308== 16 bytes in 1 blocks are definitely lost in loss record 1 of 7
==3308==    at 0x4C3089F: operator new[](unsigned long) (in /usr/lib/valgrind/vgpreload_memcheck-amd64-linux.so)
==3308==    by 0x108E37: main (beak_2293.cpp:39)
==3308== 
==3308== LEAK SUMMARY:
==3308==    definitely lost: 16 bytes in 1 blocks
==3308==    indirectly lost: 0 bytes in 0 blocks
==3308==      possibly lost: 0 bytes in 0 blocks
==3308==    still reachable: 122,880 bytes in 6 blocks
==3308==         suppressed: 0 bytes in 0 blocks
==3308== Reachable blocks (those to which a pointer was found) are not shown.
==3308== To see them, rerun with: --leak-check=full --show-leak-kinds=all
==3308== 
==3308== For counts of detected and suppressed errors, rerun with: -v
==3308== ERROR SUMMARY: 1 errors from 1 contexts (suppressed: 0 from 0)
